<?xml version="1.0" encoding="UTF-8"?>
<!-- Generated by org.testng.reporters.JUnitReportReporter -->
<testsuite hostname="C910070EE68927" name="com.example.TestControllerTest" tests="1" failures="0" timestamp="24 Jul 2017 17:27:40 GMT" time="0.007" errors="0">
  <testcase name="populateDefaultValue" time="0.007" classname="com.example.TestControllerTest"/>
</testsuite> <!-- com.example.TestControllerTest -->
